  [1m[36m (1.7ms)[0m  [1mCREATE TABLE "schema_migrations" ("version" varchar NOT NULL) [0m
  [1m[35m (0.1ms)[0m  select sqlite_version(*)
  [1m[36m (1.6ms)[0m  [1mCREATE UNIQUE INDEX "unique_schema_migrations" ON "schema_migrations" ("version")[0m
  [1m[35mActiveRecord::SchemaMigration Load (0.1ms)[0m  SELECT "schema_migrations".* FROM "schema_migrations"


Started GET "/" for ::1 at 2015-11-17 17:47:54 -0600
Processing by Rails::WelcomeController#index as HTML
  Rendered /Users/admin/.rvm/gems/ruby-2.1.2/gems/railties-4.2.3/lib/rails/templates/rails/welcome/index.html.erb (2.8ms)
Completed 200 OK in 27ms (Views: 19.4ms | ActiveRecord: 0.0ms)
  [1m[36mActiveRecord::SchemaMigration Load (0.1ms)[0m  [1mSELECT "schema_migrations".* FROM "schema_migrations"[0m
Migrating to CreateStudents (1)
  [1m[35m (0.1ms)[0m  begin transaction
  [1m[36m (0.4ms)[0m  [1mCREATE TABLE "students" ("id" INTEGER PRIMARY KEY AUTOINCREMENT NOT NULL, "first_name" varchar, "last_name" varchar, "created_at" datetime NOT NULL, "updated_at" datetime NOT NULL) [0m
  [1m[35mSQL (0.3ms)[0m  INSERT INTO "schema_migrations" ("version") VALUES (?)  [["version", "1"]]
  [1m[36m (1.4ms)[0m  [1mcommit transaction[0m
  [1m[35mActiveRecord::SchemaMigration Load (0.1ms)[0m  SELECT "schema_migrations".* FROM "schema_migrations"
  [1m[36m (0.1ms)[0m  [1mbegin transaction[0m
  [1m[35mSQL (0.3ms)[0m  INSERT INTO "students" ("first_name", "last_name", "created_at", "updated_at") VALUES (?, ?, ?, ?)  [["first_name", "Jordan"], ["last_name", "Hudgens"], ["created_at", "2015-11-18 00:10:55.545365"], ["updated_at", "2015-11-18 00:10:55.545365"]]
  [1m[36m (2.9ms)[0m  [1mcommit transaction[0m
  [1m[35mStudent Load (0.2ms)[0m  SELECT  "students".* FROM "students"  ORDER BY "students"."id" DESC LIMIT 1
  [1m[36m (0.1ms)[0m  [1mbegin transaction[0m
  [1m[35mSQL (0.3ms)[0m  INSERT INTO "students" ("created_at", "updated_at") VALUES (?, ?)  [["created_at", "2015-11-18 00:17:49.095449"], ["updated_at", "2015-11-18 00:17:49.095449"]]
  [1m[36m (1.2ms)[0m  [1mcommit transaction[0m
  [1m[35mStudent Load (0.2ms)[0m  SELECT  "students".* FROM "students"  ORDER BY "students"."id" DESC LIMIT 1
  [1m[36mActiveRecord::SchemaMigration Load (0.1ms)[0m  [1mSELECT "schema_migrations".* FROM "schema_migrations"[0m
  [1m[35mActiveRecord::SchemaMigration Load (0.1ms)[0m  SELECT "schema_migrations".* FROM "schema_migrations"


Started GET "/" for ::1 at 2015-11-18 13:36:42 -0600
  [1m[36mActiveRecord::SchemaMigration Load (0.1ms)[0m  [1mSELECT "schema_migrations".* FROM "schema_migrations"[0m
Processing by Rails::WelcomeController#index as HTML
  Rendered /Users/admin/.rvm/gems/ruby-2.1.2/gems/railties-4.2.3/lib/rails/templates/rails/welcome/index.html.erb (2.4ms)
Completed 200 OK in 39ms (Views: 24.5ms | ActiveRecord: 0.0ms)


Started GET "/" for ::1 at 2015-11-18 13:37:10 -0600
Processing by Rails::WelcomeController#index as HTML
  Rendered /Users/admin/.rvm/gems/ruby-2.1.2/gems/railties-4.2.3/lib/rails/templates/rails/welcome/index.html.erb (0.0ms)
Completed 200 OK in 1ms (Views: 0.7ms | ActiveRecord: 0.0ms)
  [1m[36mActiveRecord::SchemaMigration Load (0.1ms)[0m  [1mSELECT "schema_migrations".* FROM "schema_migrations"[0m
  [1m[35mActiveRecord::SchemaMigration Load (0.1ms)[0m  SELECT "schema_migrations".* FROM "schema_migrations"
  [1m[36mStudent Load (5.5ms)[0m  [1mSELECT "students".* FROM "students"[0m
  [1m[36m (9.5ms)[0m  [1mCREATE TABLE "schema_migrations" ("version" varchar NOT NULL) [0m
  [1m[35m (3.4ms)[0m  select sqlite_version(*)
  [1m[36m (6.8ms)[0m  [1mCREATE UNIQUE INDEX "unique_schema_migrations" ON "schema_migrations" ("version")[0m
  [1m[35mActiveRecord::SchemaMigration Load (0.1ms)[0m  SELECT "schema_migrations".* FROM "schema_migrations"
Migrating to CreateStudents (1)
  [1m[36m (0.1ms)[0m  [1mbegin transaction[0m
  [1m[35m (0.9ms)[0m  CREATE TABLE "students" ("id" INTEGER PRIMARY KEY AUTOINCREMENT NOT NULL, "first_name" varchar, "last_name" varchar, "created_at" datetime NOT NULL, "updated_at" datetime NOT NULL) 
  [1m[36mSQL (2.2ms)[0m  [1mINSERT INTO "schema_migrations" ("version") VALUES (?)[0m  [["version", "1"]]
  [1m[35m (3.9ms)[0m  commit transaction
  [1m[36mActiveRecord::SchemaMigration Load (0.4ms)[0m  [1mSELECT "schema_migrations".* FROM "schema_migrations"[0m
  [1m[36mActiveRecord::SchemaMigration Load (2.1ms)[0m  [1mSELECT "schema_migrations".* FROM "schema_migrations"[0m
  [1m[36mStudent Load (7.8ms)[0m  [1mSELECT "students".* FROM "students"[0m


Started GET "/" for ::1 at 2018-04-06 13:30:08 -0400
  [1m[36mActiveRecord::SchemaMigration Load (2.2ms)[0m  [1mSELECT "schema_migrations".* FROM "schema_migrations"[0m
Processing by Rails::WelcomeController#index as HTML
  Rendered /Users/frankmcmanus/.rvm/gems/ruby-2.3.3/gems/railties-4.2.10/lib/rails/templates/rails/welcome/index.html.erb (5.0ms)
Completed 200 OK in 45ms (Views: 32.5ms | ActiveRecord: 0.0ms)


Started GET "/students" for ::1 at 2018-04-06 13:31:01 -0400
Processing by StudentsController#index as HTML
  [1m[35mStudent Load (2.6ms)[0m  SELECT "students".* FROM "students"
  Rendered students/index.html.erb within layouts/application (6.3ms)
Completed 200 OK in 630ms (Views: 623.6ms | ActiveRecord: 2.8ms)


Started GET "/students" for ::1 at 2018-04-06 13:31:28 -0400
Processing by StudentsController#index as HTML
  [1m[36mStudent Load (0.9ms)[0m  [1mSELECT "students".* FROM "students"[0m
  Rendered students/index.html.erb within layouts/application (7.5ms)
Completed 200 OK in 86ms (Views: 71.5ms | ActiveRecord: 0.9ms)


Started GET "/show" for ::1 at 2018-04-06 13:31:44 -0400

ActionController::RoutingError (No route matches [GET] "/show"):
  actionpack (4.2.10) lib/action_dispatch/middleware/debug_exceptions.rb:21:in `call'
  actionpack (4.2.10) lib/action_dispatch/middleware/show_exceptions.rb:30:in `call'
  railties (4.2.10) lib/rails/rack/logger.rb:38:in `call_app'
  railties (4.2.10) lib/rails/rack/logger.rb:20:in `block in call'
  activesupport (4.2.10) lib/active_support/tagged_logging.rb:68:in `block in tagged'
  activesupport (4.2.10) lib/active_support/tagged_logging.rb:26:in `tagged'
  activesupport (4.2.10) lib/active_support/tagged_logging.rb:68:in `tagged'
  railties (4.2.10) lib/rails/rack/logger.rb:20:in `call'
  actionpack (4.2.10) lib/action_dispatch/middleware/request_id.rb:21:in `call'
  rack (1.6.8) lib/rack/methodoverride.rb:22:in `call'
  rack (1.6.8) lib/rack/runtime.rb:18:in `call'
  activesupport (4.2.10) lib/active_support/cache/strategy/local_cache_middleware.rb:28:in `call'
  rack (1.6.8) lib/rack/lock.rb:17:in `call'
  actionpack (4.2.10) lib/action_dispatch/middleware/static.rb:120:in `call'
  rack (1.6.8) lib/rack/sendfile.rb:113:in `call'
  railties (4.2.10) lib/rails/engine.rb:518:in `call'
  railties (4.2.10) lib/rails/application.rb:165:in `call'
  rack (1.6.8) lib/rack/lock.rb:17:in `call'
  rack (1.6.8) lib/rack/content_length.rb:15:in `call'
  rack (1.6.8) lib/rack/handler/webrick.rb:88:in `service'
  /Users/frankmcmanus/.rvm/rubies/ruby-2.3.3/lib/ruby/2.3.0/webrick/httpserver.rb:140:in `service'
  /Users/frankmcmanus/.rvm/rubies/ruby-2.3.3/lib/ruby/2.3.0/webrick/httpserver.rb:96:in `run'
  /Users/frankmcmanus/.rvm/rubies/ruby-2.3.3/lib/ruby/2.3.0/webrick/server.rb:296:in `block in start_thread'


  Rendered /Users/frankmcmanus/.rvm/gems/ruby-2.3.3/gems/actionpack-4.2.10/lib/action_dispatch/middleware/templates/rescues/_trace.html.erb (19.6ms)
  Rendered /Users/frankmcmanus/.rvm/gems/ruby-2.3.3/gems/actionpack-4.2.10/lib/action_dispatch/middleware/templates/routes/_route.html.erb (9.5ms)
  Rendered /Users/frankmcmanus/.rvm/gems/ruby-2.3.3/gems/actionpack-4.2.10/lib/action_dispatch/middleware/templates/routes/_table.html.erb (79.8ms)
  Rendered /Users/frankmcmanus/.rvm/gems/ruby-2.3.3/gems/actionpack-4.2.10/lib/action_dispatch/middleware/templates/rescues/_request_and_response.html.erb (4.3ms)
  Rendered /Users/frankmcmanus/.rvm/gems/ruby-2.3.3/gems/actionpack-4.2.10/lib/action_dispatch/middleware/templates/rescues/routing_error.html.erb within rescues/layout (358.7ms)


Started GET "/students" for ::1 at 2018-04-06 13:31:51 -0400
Processing by StudentsController#index as HTML
  [1m[35mStudent Load (0.8ms)[0m  SELECT "students".* FROM "students"
  Rendered students/index.html.erb within layouts/application (2.4ms)
Completed 200 OK in 97ms (Views: 94.5ms | ActiveRecord: 0.8ms)


Started GET "/students" for ::1 at 2018-04-06 13:32:03 -0400
Processing by StudentsController#index as HTML
  [1m[36mStudent Load (0.1ms)[0m  [1mSELECT "students".* FROM "students"[0m
  Rendered students/index.html.erb within layouts/application (0.7ms)
Completed 200 OK in 60ms (Views: 59.2ms | ActiveRecord: 0.1ms)
  [1m[36mActiveRecord::SchemaMigration Load (2.4ms)[0m  [1mSELECT "schema_migrations".* FROM "schema_migrations"[0m
  [1m[35m (0.1ms)[0m  begin transaction
  [1m[36mSQL (3.0ms)[0m  [1mINSERT INTO "students" ("first_name", "last_name", "created_at", "updated_at") VALUES (?, ?, ?, ?)[0m  [["first_name", "frank"], ["last_name", "m"], ["created_at", "2018-04-06 17:34:55.222513"], ["updated_at", "2018-04-06 17:34:55.222513"]]
  [1m[35m (3.9ms)[0m  commit transaction
  [1m[36mStudent Load (4.6ms)[0m  [1mSELECT "students".* FROM "students"[0m
  [1m[35mStudent Load (0.5ms)[0m  SELECT  "students".* FROM "students" WHERE "students"."first_name" = ? LIMIT 1  [["first_name", "frank"]]
  [1m[36mStudent Load (0.2ms)[0m  [1mSELECT  "students".* FROM "students" WHERE "students"."id" = ? LIMIT 1[0m  [["id", 1]]


Started GET "/index" for ::1 at 2018-04-06 13:41:58 -0400
  [1m[36mActiveRecord::SchemaMigration Load (2.2ms)[0m  [1mSELECT "schema_migrations".* FROM "schema_migrations"[0m

ActionController::RoutingError (No route matches [GET] "/index"):
  actionpack (4.2.10) lib/action_dispatch/middleware/debug_exceptions.rb:21:in `call'
  actionpack (4.2.10) lib/action_dispatch/middleware/show_exceptions.rb:30:in `call'
  railties (4.2.10) lib/rails/rack/logger.rb:38:in `call_app'
  railties (4.2.10) lib/rails/rack/logger.rb:20:in `block in call'
  activesupport (4.2.10) lib/active_support/tagged_logging.rb:68:in `block in tagged'
  activesupport (4.2.10) lib/active_support/tagged_logging.rb:26:in `tagged'
  activesupport (4.2.10) lib/active_support/tagged_logging.rb:68:in `tagged'
  railties (4.2.10) lib/rails/rack/logger.rb:20:in `call'
  actionpack (4.2.10) lib/action_dispatch/middleware/request_id.rb:21:in `call'
  rack (1.6.8) lib/rack/methodoverride.rb:22:in `call'
  rack (1.6.8) lib/rack/runtime.rb:18:in `call'
  activesupport (4.2.10) lib/active_support/cache/strategy/local_cache_middleware.rb:28:in `call'
  rack (1.6.8) lib/rack/lock.rb:17:in `call'
  actionpack (4.2.10) lib/action_dispatch/middleware/static.rb:120:in `call'
  rack (1.6.8) lib/rack/sendfile.rb:113:in `call'
  railties (4.2.10) lib/rails/engine.rb:518:in `call'
  railties (4.2.10) lib/rails/application.rb:165:in `call'
  rack (1.6.8) lib/rack/lock.rb:17:in `call'
  rack (1.6.8) lib/rack/content_length.rb:15:in `call'
  rack (1.6.8) lib/rack/handler/webrick.rb:88:in `service'
  /Users/frankmcmanus/.rvm/rubies/ruby-2.3.3/lib/ruby/2.3.0/webrick/httpserver.rb:140:in `service'
  /Users/frankmcmanus/.rvm/rubies/ruby-2.3.3/lib/ruby/2.3.0/webrick/httpserver.rb:96:in `run'
  /Users/frankmcmanus/.rvm/rubies/ruby-2.3.3/lib/ruby/2.3.0/webrick/server.rb:296:in `block in start_thread'


  Rendered /Users/frankmcmanus/.rvm/gems/ruby-2.3.3/gems/actionpack-4.2.10/lib/action_dispatch/middleware/templates/rescues/_trace.html.erb (1.5ms)
  Rendered /Users/frankmcmanus/.rvm/gems/ruby-2.3.3/gems/actionpack-4.2.10/lib/action_dispatch/middleware/templates/routes/_route.html.erb (1.1ms)
  Rendered /Users/frankmcmanus/.rvm/gems/ruby-2.3.3/gems/actionpack-4.2.10/lib/action_dispatch/middleware/templates/routes/_table.html.erb (22.3ms)
  Rendered /Users/frankmcmanus/.rvm/gems/ruby-2.3.3/gems/actionpack-4.2.10/lib/action_dispatch/middleware/templates/rescues/_request_and_response.html.erb (13.9ms)
  Rendered /Users/frankmcmanus/.rvm/gems/ruby-2.3.3/gems/actionpack-4.2.10/lib/action_dispatch/middleware/templates/rescues/routing_error.html.erb within rescues/layout (193.8ms)


Started GET "/index" for ::1 at 2018-04-06 13:42:40 -0400

ActionController::RoutingError (No route matches [GET] "/index"):
  actionpack (4.2.10) lib/action_dispatch/middleware/debug_exceptions.rb:21:in `call'
  actionpack (4.2.10) lib/action_dispatch/middleware/show_exceptions.rb:30:in `call'
  railties (4.2.10) lib/rails/rack/logger.rb:38:in `call_app'
  railties (4.2.10) lib/rails/rack/logger.rb:20:in `block in call'
  activesupport (4.2.10) lib/active_support/tagged_logging.rb:68:in `block in tagged'
  activesupport (4.2.10) lib/active_support/tagged_logging.rb:26:in `tagged'
  activesupport (4.2.10) lib/active_support/tagged_logging.rb:68:in `tagged'
  railties (4.2.10) lib/rails/rack/logger.rb:20:in `call'
  actionpack (4.2.10) lib/action_dispatch/middleware/request_id.rb:21:in `call'
  rack (1.6.8) lib/rack/methodoverride.rb:22:in `call'
  rack (1.6.8) lib/rack/runtime.rb:18:in `call'
  activesupport (4.2.10) lib/active_support/cache/strategy/local_cache_middleware.rb:28:in `call'
  rack (1.6.8) lib/rack/lock.rb:17:in `call'
  actionpack (4.2.10) lib/action_dispatch/middleware/static.rb:120:in `call'
  rack (1.6.8) lib/rack/sendfile.rb:113:in `call'
  railties (4.2.10) lib/rails/engine.rb:518:in `call'
  railties (4.2.10) lib/rails/application.rb:165:in `call'
  rack (1.6.8) lib/rack/lock.rb:17:in `call'
  rack (1.6.8) lib/rack/content_length.rb:15:in `call'
  rack (1.6.8) lib/rack/handler/webrick.rb:88:in `service'
  /Users/frankmcmanus/.rvm/rubies/ruby-2.3.3/lib/ruby/2.3.0/webrick/httpserver.rb:140:in `service'
  /Users/frankmcmanus/.rvm/rubies/ruby-2.3.3/lib/ruby/2.3.0/webrick/httpserver.rb:96:in `run'
  /Users/frankmcmanus/.rvm/rubies/ruby-2.3.3/lib/ruby/2.3.0/webrick/server.rb:296:in `block in start_thread'


  Rendered /Users/frankmcmanus/.rvm/gems/ruby-2.3.3/gems/actionpack-4.2.10/lib/action_dispatch/middleware/templates/rescues/_trace.html.erb (2.9ms)
  Rendered /Users/frankmcmanus/.rvm/gems/ruby-2.3.3/gems/actionpack-4.2.10/lib/action_dispatch/middleware/templates/routes/_route.html.erb (1.8ms)
  Rendered /Users/frankmcmanus/.rvm/gems/ruby-2.3.3/gems/actionpack-4.2.10/lib/action_dispatch/middleware/templates/routes/_table.html.erb (5.0ms)
  Rendered /Users/frankmcmanus/.rvm/gems/ruby-2.3.3/gems/actionpack-4.2.10/lib/action_dispatch/middleware/templates/rescues/_request_and_response.html.erb (6.4ms)
  Rendered /Users/frankmcmanus/.rvm/gems/ruby-2.3.3/gems/actionpack-4.2.10/lib/action_dispatch/middleware/templates/rescues/routing_error.html.erb within rescues/layout (151.1ms)


Started GET "/index" for ::1 at 2018-04-06 13:43:16 -0400

ActionController::RoutingError (No route matches [GET] "/index"):
  actionpack (4.2.10) lib/action_dispatch/middleware/debug_exceptions.rb:21:in `call'
  actionpack (4.2.10) lib/action_dispatch/middleware/show_exceptions.rb:30:in `call'
  railties (4.2.10) lib/rails/rack/logger.rb:38:in `call_app'
  railties (4.2.10) lib/rails/rack/logger.rb:20:in `block in call'
  activesupport (4.2.10) lib/active_support/tagged_logging.rb:68:in `block in tagged'
  activesupport (4.2.10) lib/active_support/tagged_logging.rb:26:in `tagged'
  activesupport (4.2.10) lib/active_support/tagged_logging.rb:68:in `tagged'
  railties (4.2.10) lib/rails/rack/logger.rb:20:in `call'
  actionpack (4.2.10) lib/action_dispatch/middleware/request_id.rb:21:in `call'
  rack (1.6.8) lib/rack/methodoverride.rb:22:in `call'
  rack (1.6.8) lib/rack/runtime.rb:18:in `call'
  activesupport (4.2.10) lib/active_support/cache/strategy/local_cache_middleware.rb:28:in `call'
  rack (1.6.8) lib/rack/lock.rb:17:in `call'
  actionpack (4.2.10) lib/action_dispatch/middleware/static.rb:120:in `call'
  rack (1.6.8) lib/rack/sendfile.rb:113:in `call'
  railties (4.2.10) lib/rails/engine.rb:518:in `call'
  railties (4.2.10) lib/rails/application.rb:165:in `call'
  rack (1.6.8) lib/rack/lock.rb:17:in `call'
  rack (1.6.8) lib/rack/content_length.rb:15:in `call'
  rack (1.6.8) lib/rack/handler/webrick.rb:88:in `service'
  /Users/frankmcmanus/.rvm/rubies/ruby-2.3.3/lib/ruby/2.3.0/webrick/httpserver.rb:140:in `service'
  /Users/frankmcmanus/.rvm/rubies/ruby-2.3.3/lib/ruby/2.3.0/webrick/httpserver.rb:96:in `run'
  /Users/frankmcmanus/.rvm/rubies/ruby-2.3.3/lib/ruby/2.3.0/webrick/server.rb:296:in `block in start_thread'


  Rendered /Users/frankmcmanus/.rvm/gems/ruby-2.3.3/gems/actionpack-4.2.10/lib/action_dispatch/middleware/templates/rescues/_trace.html.erb (3.3ms)
  Rendered /Users/frankmcmanus/.rvm/gems/ruby-2.3.3/gems/actionpack-4.2.10/lib/action_dispatch/middleware/templates/routes/_route.html.erb (2.0ms)
  Rendered /Users/frankmcmanus/.rvm/gems/ruby-2.3.3/gems/actionpack-4.2.10/lib/action_dispatch/middleware/templates/routes/_table.html.erb (2.8ms)
  Rendered /Users/frankmcmanus/.rvm/gems/ruby-2.3.3/gems/actionpack-4.2.10/lib/action_dispatch/middleware/templates/rescues/_request_and_response.html.erb (1.9ms)
  Rendered /Users/frankmcmanus/.rvm/gems/ruby-2.3.3/gems/actionpack-4.2.10/lib/action_dispatch/middleware/templates/rescues/routing_error.html.erb within rescues/layout (154.8ms)


Started GET "/students" for ::1 at 2018-04-06 13:43:56 -0400
Processing by StudentsController#index as HTML
  [1m[35mStudent Load (4.5ms)[0m  SELECT "students".* FROM "students"
  [1m[36mCACHE (0.1ms)[0m  [1mSELECT "students".* FROM "students"[0m
Completed 500 Internal Server Error in 102837ms (ActiveRecord: 5.6ms)

SystemExit (exit):
  app/controllers/students_controller.rb:5:in `index'


  Rendered /Users/frankmcmanus/.rvm/gems/ruby-2.3.3/gems/actionpack-4.2.10/lib/action_dispatch/middleware/templates/rescues/_source.erb (210.3ms)
  Rendered /Users/frankmcmanus/.rvm/gems/ruby-2.3.3/gems/actionpack-4.2.10/lib/action_dispatch/middleware/templates/rescues/_trace.html.erb (47.5ms)
  Rendered /Users/frankmcmanus/.rvm/gems/ruby-2.3.3/gems/actionpack-4.2.10/lib/action_dispatch/middleware/templates/rescues/_request_and_response.html.erb (4.6ms)
  Rendered /Users/frankmcmanus/.rvm/gems/ruby-2.3.3/gems/actionpack-4.2.10/lib/action_dispatch/middleware/templates/rescues/diagnostics.html.erb within rescues/layout (405.9ms)


Started GET "/students/" for ::1 at 2018-04-06 13:45:41 -0400
Processing by StudentsController#index as HTML
Completed 500 Internal Server Error in 7012ms (ActiveRecord: 0.0ms)

SystemExit (exit):
  app/controllers/students_controller.rb:5:in `index'


  Rendered /Users/frankmcmanus/.rvm/gems/ruby-2.3.3/gems/actionpack-4.2.10/lib/action_dispatch/middleware/templates/rescues/_source.erb (154.9ms)
  Rendered /Users/frankmcmanus/.rvm/gems/ruby-2.3.3/gems/actionpack-4.2.10/lib/action_dispatch/middleware/templates/rescues/_trace.html.erb (38.5ms)
  Rendered /Users/frankmcmanus/.rvm/gems/ruby-2.3.3/gems/actionpack-4.2.10/lib/action_dispatch/middleware/templates/rescues/_request_and_response.html.erb (4.7ms)
  Rendered /Users/frankmcmanus/.rvm/gems/ruby-2.3.3/gems/actionpack-4.2.10/lib/action_dispatch/middleware/templates/rescues/diagnostics.html.erb within rescues/layout (305.1ms)


Started GET "/" for ::1 at 2018-04-06 13:45:49 -0400
Processing by Rails::WelcomeController#index as HTML
  Rendered /Users/frankmcmanus/.rvm/gems/ruby-2.3.3/gems/railties-4.2.10/lib/rails/templates/rails/welcome/index.html.erb (1.9ms)
Completed 200 OK in 24ms (Views: 20.5ms | ActiveRecord: 0.0ms)


Started GET "/students" for ::1 at 2018-04-06 13:45:56 -0400
Processing by StudentsController#index as HTML
  [1m[35mStudent Load (5.6ms)[0m  SELECT "students".* FROM "students"
  Rendered students/index.html.erb within layouts/application (32.1ms)
Completed 200 OK in 1401ms (Views: 1382.3ms | ActiveRecord: 7.3ms)


Started GET "/students/1" for ::1 at 2018-04-06 13:55:51 -0400
  [1m[36mActiveRecord::SchemaMigration Load (2.2ms)[0m  [1mSELECT "schema_migrations".* FROM "schema_migrations"[0m
Processing by StudentsController#show as HTML
  Parameters: {"id"=>"1"}
  Rendered students/show.html.erb within layouts/application (0.7ms)
Completed 500 Internal Server Error in 43ms (ActiveRecord: 0.0ms)

SyntaxError (/Users/frankmcmanus/Development/rails-dynamic-request-lab-nyc-web-031218/app/views/students/show.html.erb:5: syntax error, unexpected keyword_ensure, expecting end-of-input):
  app/views/students/show.html.erb:5: syntax error, unexpected keyword_ensure, expecting end-of-input


  Rendered /Users/frankmcmanus/.rvm/gems/ruby-2.3.3/gems/actionpack-4.2.10/lib/action_dispatch/middleware/templates/rescues/_source.erb (8.1ms)
  Rendered /Users/frankmcmanus/.rvm/gems/ruby-2.3.3/gems/actionpack-4.2.10/lib/action_dispatch/middleware/templates/rescues/_trace.html.erb (4.1ms)
  Rendered /Users/frankmcmanus/.rvm/gems/ruby-2.3.3/gems/actionpack-4.2.10/lib/action_dispatch/middleware/templates/rescues/_request_and_response.html.erb (1.0ms)
  Rendered /Users/frankmcmanus/.rvm/gems/ruby-2.3.3/gems/actionpack-4.2.10/lib/action_dispatch/middleware/templates/rescues/diagnostics.html.erb within rescues/layout (120.0ms)


Started GET "/students/1" for ::1 at 2018-04-06 13:56:32 -0400
Processing by StudentsController#show as HTML
  Parameters: {"id"=>"1"}
  Rendered students/show.html.erb within layouts/application (3.9ms)
Completed 500 Internal Server Error in 29ms (ActiveRecord: 0.0ms)

SyntaxError (/Users/frankmcmanus/Development/rails-dynamic-request-lab-nyc-web-031218/app/views/students/show.html.erb:5: syntax error, unexpected keyword_ensure, expecting end-of-input):
  app/views/students/show.html.erb:5: syntax error, unexpected keyword_ensure, expecting end-of-input


  Rendered /Users/frankmcmanus/.rvm/gems/ruby-2.3.3/gems/actionpack-4.2.10/lib/action_dispatch/middleware/templates/rescues/_source.erb (8.3ms)
  Rendered /Users/frankmcmanus/.rvm/gems/ruby-2.3.3/gems/actionpack-4.2.10/lib/action_dispatch/middleware/templates/rescues/_trace.html.erb (4.6ms)
  Rendered /Users/frankmcmanus/.rvm/gems/ruby-2.3.3/gems/actionpack-4.2.10/lib/action_dispatch/middleware/templates/rescues/_request_and_response.html.erb (3.2ms)
  Rendered /Users/frankmcmanus/.rvm/gems/ruby-2.3.3/gems/actionpack-4.2.10/lib/action_dispatch/middleware/templates/rescues/diagnostics.html.erb within rescues/layout (113.5ms)


Started GET "/students/1" for ::1 at 2018-04-06 13:57:12 -0400
Processing by StudentsController#show as HTML
  Parameters: {"id"=>"1"}
  Rendered students/show.html.erb within layouts/application (24.8ms)
Completed 500 Internal Server Error in 40ms (ActiveRecord: 0.0ms)

ActionView::Template::Error (undefined method `find_by' for nil:NilClass):
    1: <% this_one = @students.find_by(params[:id]) %>
    2:   <h1><% this_one.first_name %></h1>
  app/views/students/show.html.erb:1:in `_app_views_students_show_html_erb__893240845149456109_70309057246780'


  Rendered /Users/frankmcmanus/.rvm/gems/ruby-2.3.3/gems/actionpack-4.2.10/lib/action_dispatch/middleware/templates/rescues/_source.erb (8.5ms)
  Rendered /Users/frankmcmanus/.rvm/gems/ruby-2.3.3/gems/actionpack-4.2.10/lib/action_dispatch/middleware/templates/rescues/_trace.html.erb (5.1ms)
  Rendered /Users/frankmcmanus/.rvm/gems/ruby-2.3.3/gems/actionpack-4.2.10/lib/action_dispatch/middleware/templates/rescues/_request_and_response.html.erb (2.3ms)
  Rendered /Users/frankmcmanus/.rvm/gems/ruby-2.3.3/gems/actionpack-4.2.10/lib/action_dispatch/middleware/templates/rescues/template_error.html.erb within rescues/layout (120.4ms)


Started GET "/students" for ::1 at 2018-04-06 14:02:56 -0400

SystemExit (exit):
  config/routes.rb:8:in `block in <top (required)>'
  config/routes.rb:1:in `<top (required)>'


  Rendered /Users/frankmcmanus/.rvm/gems/ruby-2.3.3/gems/actionpack-4.2.10/lib/action_dispatch/middleware/templates/rescues/_source.erb (224.4ms)
  Rendered /Users/frankmcmanus/.rvm/gems/ruby-2.3.3/gems/actionpack-4.2.10/lib/action_dispatch/middleware/templates/rescues/_trace.html.erb (31.5ms)
  Rendered /Users/frankmcmanus/.rvm/gems/ruby-2.3.3/gems/actionpack-4.2.10/lib/action_dispatch/middleware/templates/rescues/_request_and_response.html.erb (4.1ms)
  Rendered /Users/frankmcmanus/.rvm/gems/ruby-2.3.3/gems/actionpack-4.2.10/lib/action_dispatch/middleware/templates/rescues/diagnostics.html.erb within rescues/layout (408.5ms)


Started GET "/students/1" for ::1 at 2018-04-06 14:03:26 -0400
Processing by StudentsController#show as HTML
  Parameters: {"id"=>"1"}
  Rendered students/show.html.erb within layouts/application (5.6ms)
Completed 500 Internal Server Error in 28ms (ActiveRecord: 0.0ms)

SyntaxError (/Users/frankmcmanus/Development/rails-dynamic-request-lab-nyc-web-031218/app/views/students/show.html.erb:1: syntax error, unexpected ')', expecting keyword_end
...ffer.new; this_one = @students) 
...                               ^):
  app/views/students/show.html.erb:1: syntax error, unexpected ')', expecting keyword_end


  Rendered /Users/frankmcmanus/.rvm/gems/ruby-2.3.3/gems/actionpack-4.2.10/lib/action_dispatch/middleware/templates/rescues/_source.erb (281.2ms)
  Rendered /Users/frankmcmanus/.rvm/gems/ruby-2.3.3/gems/actionpack-4.2.10/lib/action_dispatch/middleware/templates/rescues/_trace.html.erb (49.5ms)
  Rendered /Users/frankmcmanus/.rvm/gems/ruby-2.3.3/gems/actionpack-4.2.10/lib/action_dispatch/middleware/templates/rescues/_request_and_response.html.erb (3.7ms)
  Rendered /Users/frankmcmanus/.rvm/gems/ruby-2.3.3/gems/actionpack-4.2.10/lib/action_dispatch/middleware/templates/rescues/diagnostics.html.erb within rescues/layout (446.9ms)


Started GET "/students" for ::1 at 2018-04-06 14:03:28 -0400
Processing by StudentsController#index as HTML
  [1m[35mStudent Load (3.2ms)[0m  SELECT "students".* FROM "students"
  Rendered students/index.html.erb within layouts/application (135.2ms)
Completed 200 OK in 2579ms (Views: 2549.9ms | ActiveRecord: 11.1ms)


Started GET "/students" for ::1 at 2018-04-06 14:03:32 -0400
Processing by StudentsController#index as HTML
  [1m[36mStudent Load (0.5ms)[0m  [1mSELECT "students".* FROM "students"[0m
  Rendered students/index.html.erb within layouts/application (5.1ms)
Completed 200 OK in 158ms (Views: 152.5ms | ActiveRecord: 0.5ms)


Started GET "/students/1" for ::1 at 2018-04-06 14:08:41 -0400
Processing by StudentsController#show as HTML
  Parameters: {"id"=>"1"}
  Rendered students/show.html.erb within layouts/application (3.0ms)
Completed 200 OK in 250ms (Views: 243.1ms | ActiveRecord: 0.0ms)


Started GET "/students/1" for ::1 at 2018-04-06 14:09:59 -0400
Processing by StudentsController#show as HTML
  Parameters: {"id"=>"1"}
  Rendered students/show.html.erb within layouts/application (358.0ms)
Completed 500 Internal Server Error in 428ms (ActiveRecord: 0.0ms)

ActionView::Template::Error (undefined method `find_by_id' for nil:NilClass):
    1: <% frank = @students.find_by_id(params[:id]) %>
    2: <h1><% frank.first_name %></h1>
  app/views/students/show.html.erb:1:in `_app_views_students_show_html_erb__893240845149456109_70309044598440'


  Rendered /Users/frankmcmanus/.rvm/gems/ruby-2.3.3/gems/actionpack-4.2.10/lib/action_dispatch/middleware/templates/rescues/_source.erb (318.7ms)
  Rendered /Users/frankmcmanus/.rvm/gems/ruby-2.3.3/gems/actionpack-4.2.10/lib/action_dispatch/middleware/templates/rescues/_trace.html.erb (70.1ms)
  Rendered /Users/frankmcmanus/.rvm/gems/ruby-2.3.3/gems/actionpack-4.2.10/lib/action_dispatch/middleware/templates/rescues/_request_and_response.html.erb (6.0ms)
  Rendered /Users/frankmcmanus/.rvm/gems/ruby-2.3.3/gems/actionpack-4.2.10/lib/action_dispatch/middleware/templates/rescues/template_error.html.erb within rescues/layout (510.5ms)


Started GET "/students/1" for ::1 at 2018-04-06 14:10:35 -0400
Processing by StudentsController#show as HTML
  Parameters: {"id"=>"1"}
  Rendered students/show.html.erb within layouts/application (113.2ms)
Completed 500 Internal Server Error in 155ms (ActiveRecord: 0.0ms)

ActionView::Template::Error (undefined method `first' for nil:NilClass):
    1: <% frank = @students.first %>
    2: <h1><% frank.first_name %></h1>
  app/views/students/show.html.erb:1:in `_app_views_students_show_html_erb__893240845149456109_70309076326240'


  Rendered /Users/frankmcmanus/.rvm/gems/ruby-2.3.3/gems/actionpack-4.2.10/lib/action_dispatch/middleware/templates/rescues/_source.erb (261.7ms)
  Rendered /Users/frankmcmanus/.rvm/gems/ruby-2.3.3/gems/actionpack-4.2.10/lib/action_dispatch/middleware/templates/rescues/_trace.html.erb (80.9ms)
  Rendered /Users/frankmcmanus/.rvm/gems/ruby-2.3.3/gems/actionpack-4.2.10/lib/action_dispatch/middleware/templates/rescues/_request_and_response.html.erb (5.7ms)
  Rendered /Users/frankmcmanus/.rvm/gems/ruby-2.3.3/gems/actionpack-4.2.10/lib/action_dispatch/middleware/templates/rescues/template_error.html.erb within rescues/layout (520.8ms)
  [1m[36mStudent Load (7.5ms)[0m  [1mSELECT "students".* FROM "students"[0m


Started GET "/students/1" for ::1 at 2018-04-06 14:15:28 -0400
  [1m[36mActiveRecord::SchemaMigration Load (2.2ms)[0m  [1mSELECT "schema_migrations".* FROM "schema_migrations"[0m
Processing by StudentsController#show as HTML
  Parameters: {"id"=>"1"}
  Rendered students/show.html.erb within layouts/application (0.6ms)
Completed 500 Internal Server Error in 40ms (ActiveRecord: 0.0ms)

SyntaxError (/Users/frankmcmanus/Development/rails-dynamic-request-lab-nyc-web-031218/app/views/students/show.html.erb:6: syntax error, unexpected keyword_ensure, expecting keyword_end
/Users/frankmcmanus/Development/rails-dynamic-request-lab-nyc-web-031218/app/views/students/show.html.erb:8: syntax error, unexpected end-of-input, expecting keyword_end):
  app/views/students/show.html.erb:6: syntax error, unexpected keyword_ensure, expecting keyword_end
  app/views/students/show.html.erb:8: syntax error, unexpected end-of-input, expecting keyword_end


  Rendered /Users/frankmcmanus/.rvm/gems/ruby-2.3.3/gems/actionpack-4.2.10/lib/action_dispatch/middleware/templates/rescues/_source.erb (6.1ms)
  Rendered /Users/frankmcmanus/.rvm/gems/ruby-2.3.3/gems/actionpack-4.2.10/lib/action_dispatch/middleware/templates/rescues/_trace.html.erb (3.0ms)
  Rendered /Users/frankmcmanus/.rvm/gems/ruby-2.3.3/gems/actionpack-4.2.10/lib/action_dispatch/middleware/templates/rescues/_request_and_response.html.erb (1.7ms)
  Rendered /Users/frankmcmanus/.rvm/gems/ruby-2.3.3/gems/actionpack-4.2.10/lib/action_dispatch/middleware/templates/rescues/diagnostics.html.erb within rescues/layout (116.0ms)


Started GET "/students/1" for ::1 at 2018-04-06 14:15:44 -0400
Processing by StudentsController#show as HTML
  Parameters: {"id"=>"1"}
  Rendered students/show.html.erb within layouts/application (11.1ms)
Completed 500 Internal Server Error in 27ms (ActiveRecord: 0.0ms)

SyntaxError (/Users/frankmcmanus/Development/rails-dynamic-request-lab-nyc-web-031218/app/views/students/show.html.erb:5: syntax error, unexpected keyword_ensure, expecting keyword_end
/Users/frankmcmanus/Development/rails-dynamic-request-lab-nyc-web-031218/app/views/students/show.html.erb:7: syntax error, unexpected end-of-input, expecting keyword_end):
  app/views/students/show.html.erb:5: syntax error, unexpected keyword_ensure, expecting keyword_end
  app/views/students/show.html.erb:7: syntax error, unexpected end-of-input, expecting keyword_end


  Rendered /Users/frankmcmanus/.rvm/gems/ruby-2.3.3/gems/actionpack-4.2.10/lib/action_dispatch/middleware/templates/rescues/_source.erb (8.4ms)
  Rendered /Users/frankmcmanus/.rvm/gems/ruby-2.3.3/gems/actionpack-4.2.10/lib/action_dispatch/middleware/templates/rescues/_trace.html.erb (5.0ms)
  Rendered /Users/frankmcmanus/.rvm/gems/ruby-2.3.3/gems/actionpack-4.2.10/lib/action_dispatch/middleware/templates/rescues/_request_and_response.html.erb (1.8ms)
  Rendered /Users/frankmcmanus/.rvm/gems/ruby-2.3.3/gems/actionpack-4.2.10/lib/action_dispatch/middleware/templates/rescues/diagnostics.html.erb within rescues/layout (110.8ms)


Started GET "/students/1" for ::1 at 2018-04-06 14:16:17 -0400
Processing by StudentsController#show as HTML
  Parameters: {"id"=>"1"}
  Rendered students/show.html.erb within layouts/application (15.7ms)
Completed 500 Internal Server Error in 31ms (ActiveRecord: 0.0ms)

ActionView::Template::Error (undefined method `each' for nil:NilClass):
    1: 
    2:   <% @students.each do |t| %>
    3:   <h1><%= t.first_name %></h1>
    4:   <% end %>
  app/views/students/show.html.erb:2:in `_app_views_students_show_html_erb___3412847907430088786_70128521738280'


  Rendered /Users/frankmcmanus/.rvm/gems/ruby-2.3.3/gems/actionpack-4.2.10/lib/action_dispatch/middleware/templates/rescues/_source.erb (8.2ms)
  Rendered /Users/frankmcmanus/.rvm/gems/ruby-2.3.3/gems/actionpack-4.2.10/lib/action_dispatch/middleware/templates/rescues/_trace.html.erb (4.1ms)
  Rendered /Users/frankmcmanus/.rvm/gems/ruby-2.3.3/gems/actionpack-4.2.10/lib/action_dispatch/middleware/templates/rescues/_request_and_response.html.erb (2.0ms)
  Rendered /Users/frankmcmanus/.rvm/gems/ruby-2.3.3/gems/actionpack-4.2.10/lib/action_dispatch/middleware/templates/rescues/template_error.html.erb within rescues/layout (118.0ms)


Started GET "/students/1" for ::1 at 2018-04-06 14:17:09 -0400
Processing by StudentsController#show as HTML
  Parameters: {"id"=>"1"}
  Rendered students/show.html.erb within layouts/application (3.0ms)
Completed 500 Internal Server Error in 15ms (ActiveRecord: 0.0ms)

ActionView::Template::Error (undefined method `each' for nil:NilClass):
    1: 
    2:   <% @students.each do |t| %>
    3:   <h1><%= t.first_name %></h1>
    4:   <% end %>
  app/views/students/show.html.erb:2:in `_app_views_students_show_html_erb___3412847907430088786_70128521738280'


  Rendered /Users/frankmcmanus/.rvm/gems/ruby-2.3.3/gems/actionpack-4.2.10/lib/action_dispatch/middleware/templates/rescues/_source.erb (9.6ms)
  Rendered /Users/frankmcmanus/.rvm/gems/ruby-2.3.3/gems/actionpack-4.2.10/lib/action_dispatch/middleware/templates/rescues/_trace.html.erb (3.6ms)
  Rendered /Users/frankmcmanus/.rvm/gems/ruby-2.3.3/gems/actionpack-4.2.10/lib/action_dispatch/middleware/templates/rescues/_request_and_response.html.erb (2.6ms)
  Rendered /Users/frankmcmanus/.rvm/gems/ruby-2.3.3/gems/actionpack-4.2.10/lib/action_dispatch/middleware/templates/rescues/template_error.html.erb within rescues/layout (112.2ms)


Started GET "/students/1" for ::1 at 2018-04-06 14:19:04 -0400
Processing by StudentsController#show as HTML
  Parameters: {"id"=>"1"}
  Rendered students/show.html.erb within layouts/application (3.9ms)
Completed 200 OK in 511ms (Views: 501.2ms | ActiveRecord: 0.0ms)


Started GET "/students/1" for ::1 at 2018-04-06 14:19:21 -0400
Processing by StudentsController#show as HTML
  Parameters: {"id"=>"1"}
  Rendered students/show.html.erb within layouts/application (3.2ms)
Completed 500 Internal Server Error in 10ms (ActiveRecord: 0.0ms)

ActionView::Template::Error (undefined method `first' for nil:NilClass):
    1: 
    2:   <h1><%= @students.first %></h1>
  app/views/students/show.html.erb:2:in `_app_views_students_show_html_erb___3412847907430088786_70128526074240'


  Rendered /Users/frankmcmanus/.rvm/gems/ruby-2.3.3/gems/actionpack-4.2.10/lib/action_dispatch/middleware/templates/rescues/_source.erb (7.5ms)
  Rendered /Users/frankmcmanus/.rvm/gems/ruby-2.3.3/gems/actionpack-4.2.10/lib/action_dispatch/middleware/templates/rescues/_trace.html.erb (3.8ms)
  Rendered /Users/frankmcmanus/.rvm/gems/ruby-2.3.3/gems/actionpack-4.2.10/lib/action_dispatch/middleware/templates/rescues/_request_and_response.html.erb (1.9ms)
  Rendered /Users/frankmcmanus/.rvm/gems/ruby-2.3.3/gems/actionpack-4.2.10/lib/action_dispatch/middleware/templates/rescues/template_error.html.erb within rescues/layout (113.1ms)


Started GET "/students" for ::1 at 2018-04-06 14:19:45 -0400
Processing by StudentsController#index as HTML
  [1m[35mStudent Load (3.6ms)[0m  SELECT "students".* FROM "students"
  Rendered students/index.html.erb within layouts/application (36.4ms)
Completed 200 OK in 138ms (Views: 110.0ms | ActiveRecord: 4.1ms)


Started GET "/students/1" for ::1 at 2018-04-06 14:21:17 -0400
Processing by StudentsController#show as HTML
  Parameters: {"id"=>"1"}
Completed 500 Internal Server Error in 6ms (ActiveRecord: 0.0ms)

NoMethodError (undefined method `find_by' for nil:NilClass):
  app/controllers/students_controller.rb:7:in `show'


  Rendered /Users/frankmcmanus/.rvm/gems/ruby-2.3.3/gems/actionpack-4.2.10/lib/action_dispatch/middleware/templates/rescues/_source.erb (6.4ms)
  Rendered /Users/frankmcmanus/.rvm/gems/ruby-2.3.3/gems/actionpack-4.2.10/lib/action_dispatch/middleware/templates/rescues/_trace.html.erb (5.0ms)
  Rendered /Users/frankmcmanus/.rvm/gems/ruby-2.3.3/gems/actionpack-4.2.10/lib/action_dispatch/middleware/templates/rescues/_request_and_response.html.erb (2.0ms)
  Rendered /Users/frankmcmanus/.rvm/gems/ruby-2.3.3/gems/actionpack-4.2.10/lib/action_dispatch/middleware/templates/rescues/diagnostics.html.erb within rescues/layout (110.9ms)


Started GET "/students/1" for ::1 at 2018-04-06 14:21:57 -0400
Processing by StudentsController#show as HTML
  Parameters: {"id"=>"1"}
  [1m[36mStudent Load (0.8ms)[0m  [1mSELECT  "students".* FROM "students" WHERE "students"."name" = 'frank' LIMIT 1[0m
Completed 500 Internal Server Error in 23ms (ActiveRecord: 1.5ms)

ActiveRecord::StatementInvalid (SQLite3::SQLException: no such column: students.name: SELECT  "students".* FROM "students" WHERE "students"."name" = 'frank' LIMIT 1):
  app/controllers/students_controller.rb:7:in `show'


  Rendered /Users/frankmcmanus/.rvm/gems/ruby-2.3.3/gems/actionpack-4.2.10/lib/action_dispatch/middleware/templates/rescues/_source.erb (6.5ms)
  Rendered /Users/frankmcmanus/.rvm/gems/ruby-2.3.3/gems/actionpack-4.2.10/lib/action_dispatch/middleware/templates/rescues/_trace.html.erb (2.8ms)
  Rendered /Users/frankmcmanus/.rvm/gems/ruby-2.3.3/gems/actionpack-4.2.10/lib/action_dispatch/middleware/templates/rescues/_request_and_response.html.erb (0.9ms)
  Rendered /Users/frankmcmanus/.rvm/gems/ruby-2.3.3/gems/actionpack-4.2.10/lib/action_dispatch/middleware/templates/rescues/diagnostics.html.erb within rescues/layout (112.3ms)


Started GET "/students" for ::1 at 2018-04-06 14:23:08 -0400
Processing by StudentsController#index as HTML
  [1m[35mStudent Load (0.3ms)[0m  SELECT  "students".* FROM "students" WHERE "students"."name" = 'frank' LIMIT 1
Completed 500 Internal Server Error in 11ms (ActiveRecord: 1.6ms)

ActiveRecord::StatementInvalid (SQLite3::SQLException: no such column: students.name: SELECT  "students".* FROM "students" WHERE "students"."name" = 'frank' LIMIT 1):
  app/controllers/students_controller.rb:4:in `index'


  Rendered /Users/frankmcmanus/.rvm/gems/ruby-2.3.3/gems/actionpack-4.2.10/lib/action_dispatch/middleware/templates/rescues/_source.erb (9.7ms)
  Rendered /Users/frankmcmanus/.rvm/gems/ruby-2.3.3/gems/actionpack-4.2.10/lib/action_dispatch/middleware/templates/rescues/_trace.html.erb (13.4ms)
  Rendered /Users/frankmcmanus/.rvm/gems/ruby-2.3.3/gems/actionpack-4.2.10/lib/action_dispatch/middleware/templates/rescues/_request_and_response.html.erb (2.5ms)
  Rendered /Users/frankmcmanus/.rvm/gems/ruby-2.3.3/gems/actionpack-4.2.10/lib/action_dispatch/middleware/templates/rescues/diagnostics.html.erb within rescues/layout (126.1ms)


Started GET "/students" for ::1 at 2018-04-06 14:24:34 -0400
Processing by StudentsController#index as HTML
  [1m[36mStudent Load (0.5ms)[0m  [1mSELECT  "students".* FROM "students" WHERE "students"."name" = 'frank' LIMIT 1[0m
Completed 500 Internal Server Error in 18ms (ActiveRecord: 1.7ms)

ActiveRecord::StatementInvalid (SQLite3::SQLException: no such column: students.name: SELECT  "students".* FROM "students" WHERE "students"."name" = 'frank' LIMIT 1):
  app/controllers/students_controller.rb:4:in `index'


  Rendered /Users/frankmcmanus/.rvm/gems/ruby-2.3.3/gems/actionpack-4.2.10/lib/action_dispatch/middleware/templates/rescues/_source.erb (8.3ms)
  Rendered /Users/frankmcmanus/.rvm/gems/ruby-2.3.3/gems/actionpack-4.2.10/lib/action_dispatch/middleware/templates/rescues/_trace.html.erb (4.4ms)
  Rendered /Users/frankmcmanus/.rvm/gems/ruby-2.3.3/gems/actionpack-4.2.10/lib/action_dispatch/middleware/templates/rescues/_request_and_response.html.erb (1.5ms)
  Rendered /Users/frankmcmanus/.rvm/gems/ruby-2.3.3/gems/actionpack-4.2.10/lib/action_dispatch/middleware/templates/rescues/diagnostics.html.erb within rescues/layout (120.9ms)


Started GET "/students" for ::1 at 2018-04-06 14:24:46 -0400
Processing by StudentsController#index as HTML
  [1m[35mStudent Load (0.7ms)[0m  SELECT  "students".* FROM "students" WHERE "students"."name" = 'frank' LIMIT 1
Completed 500 Internal Server Error in 3ms (ActiveRecord: 0.7ms)

ActiveRecord::StatementInvalid (SQLite3::SQLException: no such column: students.name: SELECT  "students".* FROM "students" WHERE "students"."name" = 'frank' LIMIT 1):
  app/controllers/students_controller.rb:4:in `index'


  Rendered /Users/frankmcmanus/.rvm/gems/ruby-2.3.3/gems/actionpack-4.2.10/lib/action_dispatch/middleware/templates/rescues/_source.erb (6.0ms)
  Rendered /Users/frankmcmanus/.rvm/gems/ruby-2.3.3/gems/actionpack-4.2.10/lib/action_dispatch/middleware/templates/rescues/_trace.html.erb (2.7ms)
  Rendered /Users/frankmcmanus/.rvm/gems/ruby-2.3.3/gems/actionpack-4.2.10/lib/action_dispatch/middleware/templates/rescues/_request_and_response.html.erb (1.4ms)
  Rendered /Users/frankmcmanus/.rvm/gems/ruby-2.3.3/gems/actionpack-4.2.10/lib/action_dispatch/middleware/templates/rescues/diagnostics.html.erb within rescues/layout (130.1ms)


Started GET "/students" for ::1 at 2018-04-06 14:24:53 -0400
Processing by StudentsController#index as HTML
  [1m[36mStudent Load (2.6ms)[0m  [1mSELECT "students".* FROM "students"[0m
  Rendered students/index.html.erb within layouts/application (13.7ms)
Completed 200 OK in 60ms (Views: 55.2ms | ActiveRecord: 3.0ms)


Started GET "/students" for ::1 at 2018-04-06 14:25:35 -0400
Processing by StudentsController#index as HTML
  [1m[35mStudent Load (0.4ms)[0m  SELECT  "students".* FROM "students" WHERE "students"."name" = 'frank' LIMIT 1
Completed 500 Internal Server Error in 14ms (ActiveRecord: 1.3ms)

ActiveRecord::StatementInvalid (SQLite3::SQLException: no such column: students.name: SELECT  "students".* FROM "students" WHERE "students"."name" = 'frank' LIMIT 1):
  app/controllers/students_controller.rb:4:in `index'


  Rendered /Users/frankmcmanus/.rvm/gems/ruby-2.3.3/gems/actionpack-4.2.10/lib/action_dispatch/middleware/templates/rescues/_source.erb (10.2ms)
  Rendered /Users/frankmcmanus/.rvm/gems/ruby-2.3.3/gems/actionpack-4.2.10/lib/action_dispatch/middleware/templates/rescues/_trace.html.erb (7.0ms)
  Rendered /Users/frankmcmanus/.rvm/gems/ruby-2.3.3/gems/actionpack-4.2.10/lib/action_dispatch/middleware/templates/rescues/_request_and_response.html.erb (3.6ms)
  Rendered /Users/frankmcmanus/.rvm/gems/ruby-2.3.3/gems/actionpack-4.2.10/lib/action_dispatch/middleware/templates/rescues/diagnostics.html.erb within rescues/layout (129.0ms)


Started GET "/students/1" for ::1 at 2018-04-06 14:26:30 -0400
Processing by StudentsController#show as HTML
  Parameters: {"id"=>"1"}
  Rendered students/show.html.erb within layouts/application (2.8ms)
Completed 200 OK in 91ms (Views: 88.1ms | ActiveRecord: 0.0ms)


Started GET "/students/1" for ::1 at 2018-04-06 14:36:21 -0400
Processing by StudentsController#show as HTML
  Parameters: {"id"=>"1"}
  Rendered students/show.html.erb within layouts/application (7.5ms)
Completed 200 OK in 94ms (Views: 91.1ms | ActiveRecord: 0.0ms)


Started GET "/students/1" for ::1 at 2018-04-06 14:36:46 -0400
Processing by StudentsController#show as HTML
  Parameters: {"id"=>"1"}
  Rendered students/show.html.erb within layouts/application (0.1ms)
Completed 200 OK in 51ms (Views: 50.2ms | ActiveRecord: 0.0ms)


Started GET "/students/1" for ::1 at 2018-04-06 14:37:54 -0400
Processing by StudentsController#show as HTML
  Parameters: {"id"=>"1"}
  Rendered students/show.html.erb within layouts/application (0.3ms)
Completed 200 OK in 76ms (Views: 73.8ms | ActiveRecord: 0.0ms)


Started GET "/students/1" for ::1 at 2018-04-06 14:40:40 -0400
Processing by StudentsController#show as HTML
  Parameters: {"id"=>"1"}
  Rendered students/show.html.erb within layouts/application (0.4ms)
Completed 200 OK in 78ms (Views: 75.2ms | ActiveRecord: 0.0ms)


Started GET "/students/1" for ::1 at 2018-04-06 14:41:32 -0400
Processing by StudentsController#show as HTML
  Parameters: {"id"=>"1"}
  Rendered students/show.html.erb within layouts/application (0.5ms)
Completed 200 OK in 81ms (Views: 77.8ms | ActiveRecord: 0.0ms)


Started GET "/students/1" for ::1 at 2018-04-06 14:42:30 -0400
Processing by StudentsController#show as HTML
  Parameters: {"id"=>"1"}
  Rendered students/show.html.erb within layouts/application (0.5ms)
Completed 200 OK in 113ms (Views: 110.5ms | ActiveRecord: 0.0ms)


Started GET "/students" for ::1 at 2018-04-06 14:42:56 -0400
Processing by StudentsController#index as HTML
  [1m[36mStudent Load (19.3ms)[0m  [1mSELECT "students".* FROM "students"[0m
Completed 500 Internal Server Error in 51125ms (ActiveRecord: 20.0ms)

SystemExit (exit):
  app/controllers/students_controller.rb:5:in `index'


  Rendered /Users/frankmcmanus/.rvm/gems/ruby-2.3.3/gems/actionpack-4.2.10/lib/action_dispatch/middleware/templates/rescues/_source.erb (149.0ms)
  Rendered /Users/frankmcmanus/.rvm/gems/ruby-2.3.3/gems/actionpack-4.2.10/lib/action_dispatch/middleware/templates/rescues/_trace.html.erb (38.7ms)
  Rendered /Users/frankmcmanus/.rvm/gems/ruby-2.3.3/gems/actionpack-4.2.10/lib/action_dispatch/middleware/templates/rescues/_request_and_response.html.erb (3.8ms)
  Rendered /Users/frankmcmanus/.rvm/gems/ruby-2.3.3/gems/actionpack-4.2.10/lib/action_dispatch/middleware/templates/rescues/diagnostics.html.erb within rescues/layout (337.8ms)


Started GET "/students/1" for ::1 at 2018-04-06 14:44:06 -0400
Processing by StudentsController#show as HTML
  Parameters: {"id"=>"1"}
  [1m[35mStudent Load (3.7ms)[0m  SELECT  "students".* FROM "students" WHERE (1) LIMIT 1
  Rendered students/show.html.erb within layouts/application (0.8ms)
Completed 200 OK in 306ms (Views: 233.5ms | ActiveRecord: 6.2ms)
